2017-06-07;13:49:50;860F80573-4;a_kvashenko;KMS;Windows 7;x86;logon 
2017-06-07;13:51:37;860F80573-4;a_kvashenko;KMS;Windows 7;x86;logoff 
2017-06-07;13:58:47;802000082-4;a_pyankov;KMS;Windows 7;x86;logon 
2017-06-07;14:00:14;825700312-4;Ya_Lapin;KMS;Windows 7;x86;logon 
2017-06-07;14:07:59;825002187-4;O_Kirpicheva;KMS;Windows 7;x86;logon 
2017-06-07;14:10:38;047200073-4;t_yuhanova;KMS;Windows 7;x64;logon 
2017-06-07;14:12:42;825F64506-4;i_martusevich;KMS;Windows 7;x64;logon 
2017-06-07;14:14:52;802001038-4;s_samobrod;KMS;Windows 7;x64;logoff 
2017-06-07;14:17:08;810200066-4;M_Karibova;KMS;Windows 7;x64;logon 
2017-06-07;14:20:13;803F70041-4;I_Verhoturov;KMS;Windows XP;x64;logon 
2017-06-07;14:23:20;810600150-4;E_Filatova;KMS;Windows 7;x64;logon 
2017-06-07;14:26:54;854001148-4;v_savicheva;KMS;Windows XP;x86;logon 
2017-06-07;15:29:10;811001668-4;S_Novikov;KMS;Windows XP;x64;logon 
2017-06-07;14:28:56;MSK-TS-SH01;v_danilov;KMS;Windows Server 2012;x64;logoff 
2017-06-07;14:29:57;802001038-4;s_samobrod;KMS;Windows 7;x64;logon 
2017-06-07; 7:30:53;MSK-ERP-TS;o_zheleznova;KMS;Windows Server 2012;x64;logon 
2017-06-07;15:31:55;811001668-4;S_Novikov;KMS;Windows XP;x64;logoff 
2017-06-07;14:32:04;MSK-TS-SH01;v_danilov;KMS;Windows Server 2012;x64;logon 
2017-06-07;15:37:15;811001668-4;S_Novikov;KMS;Windows XP;x64;logon 
2017-06-07;14:43:12;827F78675-4;a_smolko;KMS;Windows 7;x64;logon 
2017-06-07;14:49:16;826C80279-4;aa_smirnov;KMS;Windows XP;x86;logon 
2017-06-07;14:55:03;802C80473-4;A_Avksentev;KMS;Windows 7;x86;logon 
2017-06-07;15:04:07;825700312-4;Ya_Lapin;KMS;Windows 7;x86;logoff 
2017-06-07;15:06:34;803F4508-4;a_cherdyncev;KMS;Windows 7;x86;logoff 
2017-06-07;16:07:50;811001668-4;S_Novikov;KMS;Windows XP;x64;logoff 
2017-06-07;15:08:28;802000082-4;a_pyankov;KMS;Windows 7;x86;logon 
2017-06-07;15:09:50;843F74059-4;o_selina;KMS;Windows 7;x86;logoff 
2017-06-07;16:12:48;811001668-4;S_Novikov;KMS;Windows XP;x64;logon 
2017-06-07;15:10:56;808700308-4;a_livirina;KMS;Windows 7;x86;logoff 
2017-06-07;15:13:04;803F4508-4;a_cherdyncev;KMS;Windows 7;x86;logon 
2017-06-07;15:13:31;802000004-4;AY_Matveev;KMS;Windows 7;x86;logoff 
2017-06-07;15:14:44;843F74059-4;o_selina;KMS;Windows 7;x86;logon 
2017-06-07;15:15:19;MSK-TS-SH01;r_andreev;KMS;Windows Server 2012;x64;logoff 
2017-06-07;15:16:49;851F80011-4;E_Kukleva;KMS;Windows 7;x86;logoff 
2017-06-07;15:29:18;829F66725-4;I_Aksyonova;KMS;Windows XP;x86;logon 
2017-06-07;15:30:29;MSK-TS-SH01;r_andreev;KMS;Windows Server 2012;x64;logon 
2017-06-07;15:32:16;MSK-TS-SH03;d_filippov;KMS;Windows Server 2012;x64;logon 
2017-06-07;15:37:07;04700077-4;S_Belousova;KMS;Windows 7;x64;logoff 
2017-06-07;15:41:32;835298507-4;e_naumova;KMS;Windows 7;x64;logoff 
2017-06-07;15:41:44;810300092-4;l_gorovaya;KMS;Windows 7;x64;logoff 
2017-06-07;15:41:46;835490603-4;n_egorova;KMS;Windows 7;x64;logoff 
2017-06-07;15:42:19;802000084-4;o_nazarenko;KMS;Windows XP;x86;logon 
2017-06-07;15:43:37;844300287-4;RA_Novikov;KMS;Windows 7;x86;logoff 
2017-06-07;15:44:52;816150936-4;yu_rogov;KMS;Windows 7;x64;logoff 
2017-06-07;15:45:00;841F69359-4;V_Bahtinov;KMS;Windows XP;x86;logoff 
2017-06-07;15:46:23;811F53627-4;P_Putintsev;KMS;Windows 7;x86;logoff 
2017-06-07;16:47:43;811001668-4;S_Novikov;KMS;Windows XP;x64;logoff 
2017-06-07;15:48:36;840C80469-4;I_Statsenko;KMS;Windows 7;x64;logoff 
2017-06-07;16:52:19;811001668-4;S_Novikov;KMS;Windows XP;x64;logon 
2017-06-07;15:50:37;811F53627-4;P_Putintsev;KMS;Windows 7;x86;logon 
2017-06-07;15:51:19;811F53627-4;P_Putintsev;KMS;Windows 7;x86;logoff 
2017-06-07;16:54:58;811001668-4;S_Novikov;KMS;Windows XP;x64;logoff 
2017-06-07;15:52:55;830F74043O-4;T_Tsykunova;KMS;Windows 7;x64;logoff 
2017-06-07;15:53:06;811F53627-4;P_Putintsev;KMS;Windows 7;x86;logon 
2017-06-07;15:54:17;80200004C-4;E_Mazhuga;KMS;Windows 7;x86;logoff 
2017-06-07;16:57:35;811001668-4;S_Novikov;KMS;Windows XP;x64;logon 
2017-06-07;16:59:46;811001668-4;S_Novikov;KMS;Windows XP;x64;logoff 
2017-06-07; 8:57:45;MSK-ERP-TS;ya_lapin;KMS;Windows Server 2012;x64;logon 
2017-06-07;17:03:26;811001668-4;S_Novikov;KMS;Windows XP;x64;logon 
2017-06-07;17:04:29;811001668-4;S_Novikov;KMS;Windows XP;x64;logoff 
2017-06-07;16:04:12;807350904-4;r_zhukov;KMS;Windows 7;x86;logon 
2017-06-07;16:10:42;844F86479-4;A_Shaluev;KMS;Windows 7;x64;logoff 
2017-06-07;16:11:08;04700077-4;S_Belousova;KMS;Windows 7;x64;logon 
2017-06-07;17:11:22;839001180-4;s_barkunov;KMS;Windows XP;x86;logon 
2017-06-07;16:11:41;804318107-4;v_kovtun;KMS;Windows 7;x64;logoff 
2017-06-07;17:15:15;811001668-4;S_Novikov;KMS;Windows XP;x64;logon 
2017-06-07;16:13:26;808000027-4;N_Cherednichenko;KMS;Windows 7;x64;logoff 
2017-06-07;16:13:27;804F66978-4;s_bylkov;KMS;Windows 7;x86;logon 
2017-06-07; 9:14:05;MSK-ERP-TS;r_ekimov;KMS;Windows Server 2012;x64;logon 
2017-06-07;16:14:17;835233101-4;a_sukhov;KMS;Windows 7;x64;logoff 
2017-06-07;16:15:32;802F81414-4;s_simakin;KMS;Windows XP;x86;logoff 
2017-06-07;16:15:56;840F57511-4;M_Molokova;KMS;Windows 7;x64;logoff 
2017-06-07;16:17:31;841F69359-4;V_Bahtinov;KMS;Windows XP;x86;logon 
2017-06-07;16:17:42;808592001-4;a_shtyrenko;KMS;Windows 7;x64;logoff 
2017-06-07;16:20:40;802594704-4;A_Anohin;KMS;Windows 7;x86;logoff 
2017-06-07;16:22:48;803595801-4;s_kalashnikov;KMS;Windows 7;x64;logoff 
2017-06-07;16:23:02;825PL0044-4;e_bahmetova;KMS;;x86;logoff 
2017-06-07;16:23:32;802594704-4;O_Sagitdinov;KMS;Windows 7;x86;logon 
2017-06-07;17:23:50;841F80018-4;o_franchuk;KMS;Windows XP;x86;logoff 
2017-06-07;16:24:02;873PL359629;T_Ivannikova;KMS;;x86;logoff 
2017-06-07;16:24:37;802F63849-4;Y_Sedykh;KMS;Windows 7;x86;logoff 
2017-06-07;16:25:22;825PL0044-4;e_bahmetova;KMS;;x86;logon 
2017-06-07;17:26:32;844155096-4;a_vnukov;KMS;Windows XP;x86;logoff 
2017-06-07;16:27:44;816900095-4;e_shlomov;KMS;Windows 7;x86;logoff 
2017-06-07;16:27:49;844001176-4;Y_gorelov;KMS;Windows 7;x64;logoff 
2017-06-07;16:30:33;825PL0044-4;e_bahmetova;KMS;;x86;logoff 
2017-06-07;16:31:25;824F87556-4;a_polyakov;KMS;Windows 7;x86;logoff 
2017-06-07;16:32:11;825PL0044-4;e_bahmetova;KMS;;x86;logon 
2017-06-07;16:32:19;0474900XD-4;a_intankin;KMS;Windows 7;x64;logoff 
2017-06-07;16:32:20;844F64502-4;n_levin;KMS;Windows 7;x64;logoff 
2017-06-07;16:32:44;803141503-4;A_polyakova;KMS;Windows 7;x86;logoff 
2017-06-07;16:34:22;841F81788-4;a_sanzarov;KMS;Windows 7;x64;logoff 
2017-06-07;16:36:28;803173802-4;a_sarapulov;KMS;Windows 7;x64;logoff 
2017-06-07;16:36:31;803173802-4;A_Sorokina;KMS;Windows 7;x64;logoff 
2017-06-07;16:37:05;803F74065-4;V_Valkov;KMS;Windows 7;x86;logoff 
2017-06-07;16:37:22;811300022-4;V_Dolgopolov;KMS;Windows 7;x86;logoff 
2017-06-07;16:37:30;844000574-4;v_lemza;KMS;Windows 7;x86;logoff 
2017-06-07;16:38:25;802300288-4;Y_Goman;KMS;Windows 7;x64;logon 
2017-06-07;16:38:45;804100096-4;P_Parfenov;KMS;Windows 7;x86;logoff 
2017-06-07;16:41:31;840F66995-4;M_Vokun;KMS;Windows XP;x86;logoff 
2017-06-07;16:42:24;802100529-4;v_petrov;KMS;Windows 7;x86;logoff 
2017-06-07;16:42:35;803300313-4;t_matei;KMS;Windows 7;x64;logoff 
2017-06-07;16:42:37;803300313-4;o_kamaletdinova;KMS;Windows 7;x64;logoff 
2017-06-07;16:43:15;825PL0052-4;v_voronina;KMS;;x86;logoff 
2017-06-07;16:43:45;SCMO-DB-KMS;Rightstep;KMS;Windows 7;x64;logon 
2017-06-07;16:44:34;803F70041-4;I_Verhoturov;KMS;Windows XP;x64;logoff 
2017-06-07;16:45:13;802300174-4;I_Dvoryanov;KMS;Windows 7;x64;logoff 
2017-06-07;16:45:21;825002187-4;o_antonocheva;KMS;Windows 7;x86;logoff 
2017-06-07;16:45:24;803001654-4;V_Gabova;KMS;Windows 7;x64;logoff 
2017-06-07;16:45:26;825002187-4;O_Kirpicheva;KMS;Windows 7;x86;logoff 
2017-06-07;16:45:29;803001654-4;o_kuzhel;KMS;Windows 7;x64;logoff 
2017-06-07;16:45:31;825002187-4;i_martusevich;KMS;Windows 7;x86;logoff 
2017-06-07;16:45:34;841000595G-4;E_Shmakova;KMS;Windows 7;x64;logoff 
2017-06-07;16:45:36;825002187-4;S_yusupova;KMS;Windows 7;x86;logoff 
2017-06-07;16:45:38;802248106-4;P_Bulaeva;KMS;Windows 7;x86;logoff 
2017-06-07;16:46:26;802F83086-4;e_kazachenko;KMS;Windows XP;x86;logoff 
2017-06-07;17:46:27;802200042-4;e_zaharov;KMS;Windows XP;x86;logoff 
2017-06-07;16:46:38;830000051-4;N_Sachnev;KMS;Windows XP;x64;logoff 
2017-06-07;16:46:40;825000067-4;v_makeeva;KMS;Windows 7;x64;logoff 
2017-06-07;16:46:41;825F67559-4;n_soroka;KMS;Windows 7;x86;logoff 
2017-06-07;16:47:13;830000054-4;G_Serikova;KMS;Windows XP;x64;logoff 
2017-06-07;16:47:23;841C80443-4;e_gorbachev;KMS;Windows 7;x64;logoff 
2017-06-07;16:48:08;168F86485-4;Y_Gudym;KMS;Windows 7;x64;logoff 
2017-06-07;17:48:16;804317906-4;g_dermanovskiy;KMS;Windows XP;x86;logoff 
2017-06-07;16:48:31;825000074-4;o_bondar;KMS;Windows 7;x64;logoff 
2017-06-07;16:48:48;841001171-4;a_rubinchik;KMS;Windows XP;x86;logoff 
2017-06-07;16:49:23;803F70041-4;I_Verhoturov;KMS;Windows XP;x64;logon 
2017-06-07;16:49:03;014200044-4;A_Afanasev;KMS;Windows 7;x64;logoff 
2017-06-07;17:49:05;802A15181-4;E_Ushakova;KMS;Windows XP;x86;logoff 
2017-06-07;16:49:12;817000062-4;n_bilyuk;kms;Windows XP;x86;logoff 
2017-06-07;16:49:15;840F74878-4;e_ryaschenko;KMS;Windows 7;x64;logoff 
2017-06-07;16:49:26;829C80935-4;V_Saigushkina;KMS;Windows XP;x86;logoff 
2017-06-07;16:49:48;807000332-4;l_drobinskaya;KMS;Windows 7;x64;logoff 
2017-06-07;16:49:50;825PL0050-4;N_Gerashchenko;KMS;;x86;logoff 
2017-06-07;16:49:56;841100027-4;S_Lomachenko;KMS;Windows 7;x86;logoff 
2017-06-07;16:50:27;803F70041-4;I_Verhoturov;KMS;Windows XP;x64;logoff 
2017-06-07;16:50:03;804000016-4;A_Borovoi;KMS;Windows 7;x64;logoff 
2017-06-07;16:50:09;838001666-4;N_Khomyakova;KMS;Windows 7;x64;logoff 
2017-06-07;16:50:10;804000016-4;P_Chizhik;KMS;Windows 7;x64;logoff 
2017-06-07;16:50:20;825PL0044-4;e_bahmetova;KMS;;x86;logoff 
2017-06-07;16:50:23;804002743-4;A_Vlasov;KMS;Windows 7;x64;logoff 
2017-06-07;16:50:33;839002303-4;M_Orlenok;KMS;Windows 7;x64;logoff 
2017-06-07;16:50:36;802F80008-4;D_Mitskevich;KMS;Windows 7;x64;logoff 
2017-06-07;16:50:36;803C80318-4;ML_Antonenko;KMS;Windows 7;x64;logoff 
2017-06-07;16:50:50;860F82597-4;infodba;KMS;Windows XP;x64;logoff 
2017-06-07;16:50:54;840C80455-4;A_Bochko;KMS;Windows 7;x86;logoff 
2017-06-07;16:50:57;802F69354-4;L_Filatyeva;KMS;Windows 7;x86;logoff 
2017-06-07;16:51:01;817002471-4;m_maneeva;KMS;Windows 7;x64;logoff 
2017-06-07;16:51:05;838300048-4;e_taldykina;KMS;Windows 7;x64;logoff 
2017-06-07;16:51:07;MSK-TS-SH01;I_Evdokimov;KMS;Windows Server 2012;x64;logoff 
2017-06-07;16:51:23;841F81402-4;e_bezdenezhnyh;KMS;Windows 7;x86;logoff 
2017-06-07;16:51:26;804500081-4;S_Nikitin;KMS;Windows 7;x64;logoff 
2017-06-07;17:51:30;802F84134-4;m_kulagina;KMS;Windows XP;x86;logoff 
2017-06-07;16:51:33;825PL0045-4;M_Kupriyanova;KMS;;x86;logoff 
2017-06-07;16:51:59;838002206-4;E_morozov;KMS;Windows 7;x64;logoff 
2017-06-07;16:51:59;844F86489-4;S_Orlov;KMS;Windows 7;x64;logoff 
2017-06-07;16:52:04;816000127-4;r_danilov;KMS;Windows 7;x86;logoff 
2017-06-07;16:52:07;841000854G-4;K_Ievlev;KMS;Windows 7;x64;logoff 
2017-06-07;16:52:08;841F57507-4;K_Ievlev;KMS;Windows 7;x64;logoff 
2017-06-07;16:52:13;825PL0078-4;S_Belik;KMS;;x86;logoff 
2017-06-07;16:52:40;803045194-4;v_koval;KMS;Windows 7;x64;logoff 
2017-06-07;16:52:41;804F86482-4;M_Bilmovich;KMS;Windows 7;x64;logoff 
2017-06-07;16:52:48;803500229-4;A_Shchukin;KMS;Windows 7;x64;logoff 
2017-06-07;16:52:50;802F86472-4;m_shalavin;KMS;Windows 7;x64;logoff 
2017-06-07;16:53:04;825000633-4;n_mitroshina;KMS;Windows 7;x64;logoff 
2017-06-07;16:53:06;803001416-4;L_barkunova;KMS;Windows 7;x64;logoff 
2017-06-07;16:53:07;825000633-4;t_zgurskaya;KMS;Windows 7;x64;logoff 
2017-06-07;16:53:19;80420009O-4;o_cvetkov;KMS;Windows 7;x64;logoff 
2017-06-07;16:53:30;825300166-4;O_Kirpicheva;KMS;Windows 7;x86;logoff 
2017-06-07;16:53:32;802000074-4;o_luparyova;KMS;Windows 7;x64;logoff 
2017-06-07;16:53:44;826F66953-4;D_Dobrovolskiy;KMS;Windows 7;x86;logoff 
2017-06-07;16:53:53;817C81054-4;a_shmarov;KMS;Windows 7;x64;logoff 
2017-06-07;16:53:50;810F690366-4;S_gouzenko;KMS;Windows XP;x86;logoff 
2017-06-07;16:53:54;835C8028O-4;tat_ivanova;KMS;Windows 7;x86;logoff 
2017-06-07;16:53:57;803025801-4;d_panov;KMS;Windows 7;x86;logoff 
2017-06-07;16:53:57;014001807-4;G_Kochkar;KMS;Windows 7;x64;logoff 
2017-06-07;16:53:59;802F86488-4;i_cherepanova;KMS;Windows 7;x64;logoff 
2017-06-07;17:54:01;841F80014O-4;a_sapegin;KMS;Windows XP;x86;logoff 
2017-06-07;17:54:10;813000071-4;A_Kolbina;KMS;Windows XP;x86;logoff 
2017-06-07;16:54:18;047500017-4;b_zhukov;KMS;Windows 7;x64;logoff 
2017-06-07;16:54:22;802000166-4;I_khairulin;KMS;Windows 7;x64;logoff 
2017-06-07;16:54:29;825000021-4;AV_Pavlova;KMS;Windows 7;x64;logoff 
2017-06-07;16:54:39;TERM-KMS-1;yu_tkachenko;KMS;Windows 7;x64;logoff 
2017-06-07;16:54:39;803000030-4;A_Voroncova;KMS;Windows 7;x86;logoff 
2017-06-07;16:54:51;803141203-4;p_komisaraites;KMS;Windows 7;x86;logoff 
2017-06-07;16:54:55;802009517-4;i_nakashidze;KMS;Windows 7;x64;logoff 
2017-06-07;16:54:59;802009517-4;d_Staver;KMS;Windows 7;x64;logoff 
2017-06-07;16:55:02;804600020-4;m_shokal;KMS;Windows 7;x64;logoff 
2017-06-07;16:55:09;047000063-4;O_Kazarova;KMS;Windows 7;x64;logoff 
2017-06-07;16:55:13;829002739-4;i_petrova;KMS;Windows 7;x64;logoff 
2017-06-07;16:55:16;804F81408-4;T_Roganova;KMS;Windows 7;x64;logoff 
2017-06-07;16:55:29;804500205-4;a_zubov;KMS;Windows 7;x64;logon 
2017-06-07;16:55:29;838001175-4;a_ostanin;KMS;Windows 7;x64;logoff 
2017-06-07;16:55:37;802C80268-4;a_tverdostup;KMS;Windows 7;x86;logoff 
2017-06-07;16:55:39;8046E2000;n_vasilchenko;KMS;Windows XP;x86;logoff 
2017-06-07;16:55:44;838100018-4;K_Goptareva;KMS;Windows 7;x64;logoff 
2017-06-07;17:55:53;804000945-4;I_Kvachuk;KMS;Windows XP;x86;logoff 
2017-06-07;16:55:54;840F74041-4;L_Drobysheva;KMS;Windows 7;x64;logoff 
2017-06-07;16:56:05;047C81144-4;A_Amplitov;KMS;Windows 7;x64;logoff 
2017-06-07;16:56:05;804500019-4;v_kozenkov;KMS;Windows 7;x86;logoff 
2017-06-07;16:56:14;838300180-4;S_Mitrosheva;KMS;Windows 7;x64;logon 
2017-06-07;16:56:15;841F81758-4;A_Isaeva;KMS;Windows XP;x86;logoff 
2017-06-07;16:56:17;810F82589-4;A_Kuklin;KMS;Windows 7;x64;logoff 
2017-06-07;16:56:24;804200107-4;i_valova;KMS;Windows 7;x86;logoff 
2017-06-07;16:56:29;840157235-4;A_Kravetc;KMS;Windows 7;x86;logoff 
2017-06-07;16:56:31;802A15202-4;L_Popova;KMS;Windows 7;x86;logoff 
2017-06-07;16:56:35;825F67574-4;e_shpeneva;KMS;Windows 7;x86;logoff 
2017-06-07;16:56:36;810C81141-4;v_makeev;KMS;Windows 7;x64;logoff 
2017-06-07;16:56:39;804F70044-4;S_Svyatec;KMS;Windows 7;x64;logoff 
2017-06-07;16:56:40;803208703-4;n_nazarova;KMS;Windows 7;x64;logoff 
2017-06-07;16:56:41;802002242-4;O_VDOVIK;KMS;Windows 7;x64;logoff 
2017-06-07;16:56:44;802000825-4;Y_Usenkova;KMS;Windows 7;x64;logoff 
2017-06-07;16:56:46;825F63844-4;o_sergienko;KMS;Windows 7;x86;logoff 
2017-06-07;16:56:47;841F81409-4;A_Belikov;KMS;Windows 7;x64;logoff 
2017-06-07;16:56:48;841F74886-4;N_Mikhailova;KMS;Windows 7;x64;logoff 
2017-06-07;16:56:49;807000065-4;L_odintsova;KMS;Windows 7;x64;logoff 
2017-06-07;16:56:55;047F59593-4;y_bormotov;KMS;Windows 7;x64;logoff 
2017-06-07;16:56:57;047245607-4;a_kalkaev;KMS;Windows 7;x64;logoff 
2017-06-07;16:57:07;837F675570-4;a_demysheva;KMS;Windows 7;x64;logoff 
2017-06-07;16:57:07;841200056-4;I_Gorbachev;KMS;Windows 7;x64;logoff 
2017-06-07;16:57:09;835F53621-4;a_gainutdinov;KMS;Windows 7;x64;logoff 
2017-06-07;16:57:15;802F57676-4;d_kozmenyh;KMS;Windows 7;x86;logoff 
2017-06-07;16:57:17;810C80466-4;V_Rachev;KMS;Windows 7;x86;logoff 
2017-06-07;16:57:20;047200073-4;t_yuhanova;KMS;Windows 7;x64;logoff 
2017-06-07;16:57:22;815C80289-4;O_Kichigina;KMS;Windows 7;x64;logoff 
2017-06-07;16:57:23;829F83809-4;a_burdakova;KMS;Windows XP;x86;logoff 
2017-06-07;16:57:24;811F67571-4;T_kibireva;KMS;Windows 7;x86;logoff 
2017-06-07;16:57:39;843F70045-4;v_shibaev;KMS;Windows XP;x64;logoff 
2017-06-07;16:57:40;80417908O-4;i_karpekin;KMS;Windows XP;x86;logoff 
2017-06-07;16:57:45;802002602-4;v_aksenova;KMS;Windows 7;x64;logoff 
2017-06-07;16:57:46;836002595-4;E_Titova;KMS;Windows 7;x64;logoff 
2017-06-07;16:57:48;825F64501-4;E_Vetrich;KMS;Windows 7;x64;logoff 
2017-06-07;16:57:49;807C80893-4;S_Golovkina;KMS;Windows 7;x64;logoff 
2017-06-07;16:57:49;824F69352O-4;RY_Novikov;KMS;Windows XP;x86;logoff 
2017-06-07;16:57:50;829F82329-4;E_Roudneva;KMS;Windows 7;x86;logoff 
2017-06-07;16:57:52;827000023-4;i_osipova;KMS;Windows 7;x86;logoff 
2017-06-07;16:57:56;815F53623-4;v_neznamova;KMS;Windows 7;x86;logoff 
2017-06-07;16:57:58;803001414-4;N_Soshnikova;KMS;Windows 7;x64;logoff 
2017-06-07;16:58:01;833F6382-4;j_safronova;KMS;Windows 7;x64;logoff 
2017-06-07;16:58:10;843F64505-4;DI_Semenov;KMS;Windows XP;x86;logoff 
2017-06-07;16:58:10;843000066-4;N_Khovboshchenko;KMS;Windows 7;x86;logoff 
2017-06-07;16:58:14;807F66722-4;k_shibakova;KMS;Windows 7;x64;logoff 
2017-06-07;16:58:16;047000076-4;K_Pakhmutkin;KMS;Windows 7;x64;logoff 
2017-06-07;16:58:20;810F66406-4;M_Peters;KMS;Windows XP;x64;logoff 
2017-06-07;16:58:18;811000075-4;A_Shipkova;KMS;Windows 7;x64;logoff 
2017-06-07;16:58:20;804317905-4;Y_pylaeva;KMS;Windows 7;x64;logoff 
2017-06-07;16:58:25;843F52697-4;a_sisa;KMS;Windows 7;x64;logoff 
2017-06-07;16:58:26;802002617-4;v_podgaiko;KMS;Windows 7;x64;logoff 
2017-06-07;16:58:37;850F81413-4;y_zhabarova;KMS;Windows XP;x86;logoff 
2017-06-07;16:58:37;850100072-4;e_zareckaya;KMS;Windows 7;x64;logoff 
2017-06-07;16:58:44;824000941-4;I_evdokimov;KMS;Windows XP;x86;logoff 
2017-06-07;16:58:47;829500120-4;P_Nesterov;KMS;Windows XP;x64;logoff 
2017-06-07;16:58:50;850300057-4;e_kucherenko;KMS;Windows 7;x86;logoff 
2017-06-07;16:58:56;805700041-4;Y_Katrich;KMS;Windows 7;x64;logoff 
2017-06-07;16:58:56;850300057-4;j_safronova;KMS;Windows 7;x86;logoff 
2017-06-07;16:58:51;824C80291-4;E_Frolova;KMS;Windows 7;x86;logoff 
2017-06-07;16:59:00;047000064-4;N_Platonova;KMS;Windows 7;x86;logoff 
2017-06-07;16:59:02;802F86418-4;e_nastenko;KMS;Windows 7;x64;logoff 
2017-06-07;16:59:06;807F80175O-4;o_Kozlova;KMS;Windows 7;x64;logoff 
2017-06-07;16:59:23;802F81405-4;k_ivarovsky;KMS;Windows 7;x64;logoff 
2017-06-07;16:59:27;827000028-4;o_shorohova;KMS;Windows 7;x64;logoff 
2017-06-07;16:59:29;802F80006-4;A_Dyachkov;KMS;Windows 7;x64;logoff 
2017-06-07;16:59:31;825000069-4;S_Mitrosheva;KMS;Windows 7;x64;logon 
2017-06-07;16:59:31;825F81401-4;n_burakova;KMS;Windows 7;x64;logoff 
2017-06-07;16:59:33;807002276-4;v_fishenko;KMS;Windows 7;x64;logoff 
2017-06-07;16:59:33;829C80934-4;I_kovalenko;KMS;Windows 7;x64;logoff 
2017-06-07;16:59:34;840F57674-4;a_gavrilova;KMS;Windows 7;x64;logoff 
2017-06-07;16:59:36;802009495-4;l_hudotyoplova;KMS;Windows 7;x64;logoff 
2017-06-07;16:59:36;830600044-4;S_Nikolaenko;KMS;Windows 7;x86;logoff 
2017-06-07;16:59:36;825001146-4;t_ivanova;KMS;Windows 7;x86;logoff 
2017-06-07;16:59:42;838000009-4;a_omelchuk;KMS;Windows 7;x64;logoff 
2017-06-07;16:59:45;829000032-4;E_Shilova;KMS;Windows 7;x86;logoff 
2017-06-07;16:59:48;811F62591-4;A_Hrebina;KMS;Windows 7;x64;logoff 
2017-06-07;16:59:49;811C81146-4;E_Bocharov;KMS;Windows 7;x64;logoff 
2017-06-07;16:59:52;822001172-4;a_tsys;KMS;Windows 7;x86;logoff 
2017-06-07;16:59:53;829F53405-4;v_evseeva;KMS;Windows 7;x86;logoff 
2017-06-07;16:59:54;802002664-4;a_shevchenko;KMS;Windows 7;x64;logoff 
2017-06-07;17:00:06;827F78675-4;a_smolko;KMS;Windows 7;x64;logoff 
2017-06-07;17:00:07;802C80447-4;a_kibirev;KMS;Windows 7;x64;logoff 
2017-06-07;17:00:10;82200622-4;e_mikhailova;KMS;Windows 7;x64;logoff 
2017-06-07;17:00:10;837000792-4;V_Shchebenykova;KMS;Windows 7;x64;logoff 
2017-06-07;17:00:16;802F74879-4;S_Kolotuhin;KMS;Windows 7;x86;logoff 
2017-06-07;17:00:19;803002732-4;n_krylova;KMS;Windows 7;x64;logoff 
2017-06-07;17:00:24;825300091-4;S_podoynitsina;KMS;Windows 7;x86;logoff 
2017-06-07;17:00:28;047000072-4;m_nezhiva;KMS;Windows 7;x64;logoff 
2017-06-07;17:00:30;837025811-4;d_udalov;KMS;Windows 7;x64;logoff 
2017-06-07;17:00:40;047000072-4;e_oreshkova;KMS;Windows 7;x64;logoff 
2017-06-07;17:00:41;849000047-4;S_Shevchuk;KMS;Windows XP;x86;logoff 
2017-06-07;17:00:44;802002601-4;o_yaroshenko;KMS;Windows 7;x64;logoff 
2017-06-07;17:00:47;827000029-4;n_gaidaenko;KMS;Windows 7;x86;logoff 
2017-06-07;17:00:50;802F69368-4;a_fokina;KMS;Windows 7;x86;logoff 
2017-06-07;17:00:51;822300006-4;k_tishkova;KMS;Windows 7;x86;logoff 
2017-06-07;17:00:56;811C80325-4;N_Golyudova;KMS;Windows 7;x64;logoff 
2017-06-07;17:01:00;802000086-4;y_leus;KMS;Windows 7;x86;logoff 
2017-06-07;17:01:03;807020704-4;y_makarchuk;KMS;Windows 7;x64;logoff 
2017-06-07;17:01:08;810100516-4;s_pilipenko;KMS;Windows 7;x64;logoff 
2017-06-07;17:01:09;829F63850-4;A_Semyonova;KMS;Windows 7;x86;logoff 
2017-06-07;17:01:15;829F66727-4;a_malanicheva;KMS;Windows 7;x64;logoff 
2017-06-07;17:01:15;807645110-4;y_zvereva;KMS;Windows 7;x64;logoff 
2017-06-07;18:01:15;804F74038-4;s_frolov;KMS;Windows XP;x64;logoff 
2017-06-07;17:01:18;807300009-4;e_kharlamova;KMS;Windows 7;x64;logoff 
2017-06-07;17:01:20;802F63841-4;S_Soloviyeva;KMS;Windows 7;x86;logoff 
2017-06-07;17:01:21;807001174-4;N_Vdovenkova;KMS;Windows 7;x64;logoff 
2017-06-07;17:01:24;807F78674-4;L_Ten;KMS;Windows 7;x64;logoff 
2017-06-07;17:01:25;826700339-4;I_Starodubova;KMS;Windows 7;x64;logoff 
2017-06-07;17:01:29;824000800O-4;V_Danilov;KMS;Windows XP;x86;logoff 
2017-06-07;17:01:27;843F74066-4;t_kuzmina;KMS;Windows 7;x64;logoff 
2017-06-07;17:01:30;811700268-4;V_Gusev;KMS;Windows 7;x86;logoff 
2017-06-07;17:01:32;802C80311-4;I_Zharnikova;KMS;Windows 7;x64;logoff 
2017-06-07;17:01:33;825F86485-4;s_kazarinova;KMS;Windows 7;x64;logoff 
2017-06-07;17:01:34;829F66720-4;o_solohina;KMS;Windows 7;x64;logoff 
2017-06-07;17:01:36;807000943-4;N_Pogorelova;KMS;Windows 7;x64;logoff 
2017-06-07;17:01:47;827000024-4;e_belousova;KMS;Windows 7;x64;logoff 
2017-06-07;17:01:48;829000013-4;m_baratashvili;KMS;Windows 7;x64;logoff 
2017-06-07;17:01:52;841F53622-4;d_turgenev;KMS;Windows 7;x86;logoff 
2017-06-07;17:01:53;802001839-4;v_filippova;KMS;Windows 7;x64;logoff 
2017-06-07;17:01:54;827F78710-4;t_bocharova;KMS;Windows 7;x86;logoff 
2017-06-07;17:02:09;810C80470-4;e_pisotskaya;KMS;Windows XP;x86;logoff 
2017-06-07;17:02:12;849002547-4;E_Sevruk;KMS;Windows 7;x64;logoff 
2017-06-07;17:02:35;802900205-4;e_timakova;KMS;Windows 7;x86;logoff 
2017-06-07;17:02:35;829002734-4;I_Tabankova;KMS;Windows 7;x64;logoff 
2017-06-07;17:02:36;824000799-4;a_fayzullina;KMS;Windows XP;x86;logoff 
2017-06-07;17:02:47;834600007-4;ju_gilmanova;KMS;Windows 7;x64;logoff 
2017-06-07;17:02:56;827000040-4;a_van;KMS;Windows 7;x64;logoff 
2017-06-07;17:02:58;804100179-4;a_maslykov;KMS;Windows XP;x86;logoff 
2017-06-07;17:03:05;829002731-4;S_Mashkovceva;KMS;Windows 7;x64;logoff 
2017-06-07;17:03:08;830000068-4;nv_koroleva;KMS;Windows 7;x86;logoff 
2017-06-07;17:03:19;830F57675-4;A_Karaguzova;KMS;Windows 7;x86;logoff 
2017-06-07;17:03:29;811F69341-4;n_maturina;KMS;Windows 7;x64;logoff 
2017-06-07;17:03:34;047F74036-4;m_shumilova;KMS;Windows 7;x86;logoff 
2017-06-07;17:03:35;826700377-4;y_kazakova;KMS;Windows 7;x64;logoff 
2017-06-07;17:03:58;802F84734-4;o_kalio;KMS;Windows 7;x64;logoff 
2017-06-07;17:04:00;810F800031G-4;o_denisova;KMS;Windows 7;x64;logoff 
2017-06-07;17:04:00;805001179-4;s_petukhova;KMS;Windows 7;x86;logoff 
2017-06-07;17:04:01;810F800031G-4;a_molochnyy;KMS;Windows 7;x64;logoff 
2017-06-07;17:04:05;802002597-4;A_Shamahanova;KMS;Windows 7;x64;logoff 
2017-06-07;17:04:06;810C80467-4;g_lobanova;KMS;Windows 7;x86;logoff 
2017-06-07;17:04:11;829000036-4;a_novikova;KMS;Windows XP;x86;logoff 
2017-06-07;17:04:23;807F80007-4;E_Mandrikova;KMS;Windows 7;x64;logoff 
2017-06-07;17:04:26;807F86480-4;o_zheleznova;KMS;Windows 7;x64;logoff 
2017-06-07;17:04:26;804100333-4;L_Bashlykova;KMS;Windows XP;x86;logoff 
2017-06-07;17:04:27;825PL0041-4;K_Yakimchuk;KMS;;x86;logoff 
2017-06-07;17:04:43;839002614-4;r_dovgalev;KMS;Windows 7;x64;logoff 
2017-06-07;17:04:53;825PL0026-4;S_Tasenko;KMS;;x86;logon 
2017-06-07;17:04:54;802F86426-4;T_Stefanovskaja;KMS;Windows 7;x64;logoff 
2017-06-07;17:05:21;802F81417-4;G_Povetev;KMS;Windows 7;x64;logoff 
2017-06-07;17:05:27;802200095-4;N_Vetoradziy;KMS;Windows 7;x64;logoff 
2017-06-07;17:05:49;803F83095-4;e_holkina;KMS;Windows 7;x86;logoff 
2017-06-07;17:05:52;81183803-4;a_kapturevskiy;KMS;Windows XP;x86;logoff 
2017-06-07;17:05:56;802002583-4;AS_Starostenko;KMS;Windows 7;x64;logoff 
2017-06-07;17:06:01;811F53627-4;P_Putintsev;KMS;Windows 7;x86;logoff 
2017-06-07;17:06:10;829000040-4;v_dumnova;KMS;Windows 7;x86;logoff 
2017-06-07;17:06:11;850001404-4;i_lighter;KMS;Windows 7;x64;logoff 
2017-06-07;17:06:13;827F66734-4;e_terekhova;KMS;Windows 7;x86;logoff 
2017-06-07;17:06:14;802C80319-4;s_domnich;KMS;Windows 7;x86;logoff 
2017-06-07;17:06:14;870002612-4;n_popov;KMS;Windows 7;x64;logoff 
2017-06-07;17:06:22;802000083-4;E_Ismagulova;KMS;Windows 7;x86;logoff 
2017-06-07;17:06:22;834C80267-4;t_nikolaeva;KMS;Windows 7;x64;logoff 
2017-06-07;17:06:44;802F74039-4;e_lovkogol;KMS;Windows 7;x64;logoff 
2017-06-07;18:06:51;811001668-4;S_Novikov;KMS;Windows XP;x64;logoff 
2017-06-07;17:07:02;802300179-4;a_tyuneeva;KMS;Windows 7;x64;logoff 
2017-06-07;17:07:08;810F65619-4;a_molochnyy;KMS;Windows XP;x64;logoff 
2017-06-07;17:07:15;802045194-4;M_Riabtseva;KMS;Windows 7;x64;logoff 
2017-06-07;17:07:18;841F82594-4;D_Chirva;KMS;Windows 7;x64;logoff 
2017-06-07;17:07:20;802002532-4;m_kalishenko;KMS;Windows 7;x64;logoff 
2017-06-07;17:07:40;802000084-4;s_barkunov;KMS;Windows XP;x86;logon 
2017-06-07;17:07:39;802001852-4;g_beregovenko;KMS;Windows 7;x64;logoff 
2017-06-07;17:07:50;825700250-4;E_Mansurova;KMS;Windows 7;x64;logoff 
2017-06-07;17:08:00;807F57508-4;O_Bulycheva;KMS;Windows 7;x64;logoff 
2017-06-07;17:08:10;802F85731-4;e_abramovich;KMS;Windows 7;x64;logoff 
2017-06-07;17:08:28;810F70435-4;V_Gasanova;KMS;Windows XP;x64;logoff 
2017-06-07;17:08:30;810152409-4;O_Aprelkov;KMS;Windows 7;x64;logoff 
2017-06-07;17:08:37;802F82248-4;a_kaleev;KMS;Windows XP;x64;logoff 
2017-06-07;17:08:57;825100083-4;O_Shcherbakova;KMS;Windows 7;x64;logoff 
2017-06-07;17:08:59;802001236-4;N_mishun;KMS;Windows 7;x86;logoff 
2017-06-07;17:09:02;812C80288-4;N_Markova;KMS;Windows 7;x64;logoff 
2017-06-07;17:09:06;825000020-4;A_Nazarova;KMS;Windows 7;x64;logoff 
2017-06-07;17:09:17;802F67554-4;v_belikov;KMS;Windows 7;x64;logoff 
2017-06-07;17:09:28;802009094-4;e_tretyakova;KMS;Windows 7;x64;logoff 
2017-06-07;17:10:03;802500143-4;o_shpilevaya;KMS;Windows 7;x64;logoff 
2017-06-07;17:10:36;804F66719-4;y_vyatkin;KMS;Windows XP;x86;logoff 
2017-06-07;17:10:53;830C80937-4;s_minaeva;KMS;Windows 7;x64;logoff 
2017-06-07;17:11:29;802F74039-4;e_lovkogol;KMS;Windows 7;x64;logon 
2017-06-07;17:11:33;810F82251-4;V_Pitsyk;KMS;Windows XP;x64;logoff 
2017-06-07;17:12:12;802F63823-4;y_banunas;KMS;Windows 7;x64;logoff 
2017-06-07;17:12:24;829900031-4;N_Trubacheva;KMS;Windows 7;x64;logoff 
2017-06-07;17:12:39;810F78453-4;e_kislova;KMS;Windows 7;x64;logoff 
2017-06-07;17:13:04;810F82592-4;v_kuznetsov;KMS;Windows XP;x64;logoff 
2017-06-07;17:13:08;802000823-4;A_Starostenko;KMS;Windows 7;x64;logoff 
2017-06-07;17:13:29;802F74039-4;e_lovkogol;KMS;Windows 7;x64;logoff 
2017-06-07;17:14:02;807F80147-4;A_Ryleeva;KMS;Windows 7;x64;logoff 
2017-06-07;17:14:23;802F53620-4;v_kotelnikov;KMS;Windows 7;x86;logoff 
2017-06-07;17:14:45;825100083-4;O_Shcherbakova;KMS;Windows 7;x64;logon 
2017-06-07;17:15:56;843F69369-4;o_krasovskaya;KMS;Windows XP;x86;logoff 
2017-06-07;17:16:13;850F83738-4;e_sobko;KMS;Windows 7;x86;logoff 
2017-06-07;17:16:14;850F83093-4;I_Shatkov;KMS;Windows 7;x64;logoff 
2017-06-07;17:16:31;811C50456-4;a_nasonov;KMS;Windows 7;x64;logon 
2017-06-07;17:16:40;810F80033-4;A_Shimf;KMS;Windows 7;x64;logoff 
2017-06-07;17:17:11;810F66404G-4;k_roschin;KMS;Windows 7;x64;logoff 
2017-06-07;17:17:28;804317907-4;Y_Zhuravlev;KMS;Windows 7;x64;logoff 
2017-06-07;17:17:54;802000084-4;s_barkunov;KMS;Windows XP;x86;logoff 
2017-06-07;17:19:05;843700353-4;T_Kozlova;KMS;Windows 7;x64;logoff 
2017-06-07;17:19:13;802000014-4;K_Tsygankov;KMS;Windows 7;x64;logoff 
2017-06-07;17:19:40;825100083-4;O_Shcherbakova;KMS;Windows 7;x64;logoff 
2017-06-07;17:21:11;810F63815-4;a_polynskiy;KMS;Windows 7;x64;logoff 
2017-06-07;17:21:14;804002737-4;V_Yushenko;KMS;Windows 7;x64;logoff 
2017-06-07;17:22:00;811C50456-4;a_nasonov;KMS;Windows 7;x64;logoff 
2017-06-07;17:22:04;805300024-4;N_Sobolev;KMS;Windows 7;x64;logoff 
2017-06-07;17:22:54;802000033-4;r_myasnikov;KMS;Windows 7;x86;logoff 
2017-06-07;17:24:15;802F66402-4;E_Bushueva;KMS;Windows 7;x64;logoff 
2017-06-07;17:25:10;802C80938-4;E_Vdovik;KMS;Windows 7;x86;logoff 
2017-06-07;17:25:58;803F86424-4;v_chernishenko;KMS;Windows 7;x64;logoff 
2017-06-07;10:26:47;MSK-ERP-TS;A_Daniluk;KMS;Windows Server 2012;x64;logoff 
2017-06-07;17:28:01;802000081-4;l_mayukova;KMS;Windows 7;x86;logoff 
2017-06-07;17:28:28;804500232-4;v_draga;KMS;Windows 7;x64;logoff 
2017-06-07;17:30:53;802LS007-4;A_Popruzhny;KMS;;x86;logoff 
2017-06-07;17:30:59;802002691-4;A_Popruzhnaya;KMS;Windows 7;x64;logoff 
2017-06-07;17:31:01;804500205-4;a_zubov;KMS;Windows 7;x64;logoff 
2017-06-07;17:31:31;810200066-4;M_Karibova;KMS;Windows 7;x64;logoff 
2017-06-07;17:31:52;802000084-4;s_barkunov;KMS;Windows XP;x86;logon 
2017-06-07;17:32:59;802009495-4;s_dourinov;KMS;Windows 7;x64;logon 
2017-06-07;17:34:16;802025809-4;Y_Sokovikov;KMS;Windows 7;x64;logoff 
2017-06-07;17:35:12;802002521-4;A_Khokhlov;KMS;Windows 7;x64;logoff 
2017-06-07;17:36:27;802009495-4;s_dourinov;KMS;Windows 7;x64;logoff 
2017-06-07;17:36:41;802000084-4;s_barkunov;KMS;Windows XP;x86;logoff 
2017-06-07;17:41:10;825F64506-4;n_belozyorova;KMS;Windows 7;x64;logoff 
2017-06-07;17:41:13;825F64506-4;i_martusevich;KMS;Windows 7;x64;logoff 
2017-06-07;17:43:07;810000573-4;L_Lavrentyeva;KMS;Windows 7;x64;logoff 
2017-06-07;17:43:26;850185310-4;A_Shatkovsky;KMS;Windows 7;x86;logoff 
2017-06-07;17:43:37;841002740-4;d_kachan;KMS;Windows 7;x64;logoff 
2017-06-07;17:44:01;839900480-4;O_Kurkaeva;KMS;Windows 7;x86;logoff 
2017-06-07;18:44:27;802000044-4;a_popova;KMS;Windows XP;x86;logoff 
2017-06-07;17:44:38;860001761-4;d_romanov_td;KMS;;x64;logoff 
2017-06-07;17:45:18;829F63407-4;D_filippov;KMS;Windows 7;x86;logoff 
2017-06-07;17:45:29;802C80462-4;r_kotelnikov;KMS;Windows 7;x64;logon 
2017-06-07;17:46:16;825C80283-4;P_Kvon;KMS;Windows 7;x64;logoff 
2017-06-07;17:46:45;850F83073-4;e_zverev;KMS;Windows 7;x86;logoff 
2017-06-07;17:46:50;811000951-4;E_Enaki;KMS;Windows 7;x64;logoff 
2017-06-07;17:50:05;810F63845-4;NY_Kuznetsova;KMS;Windows 7;x64;logoff 
2017-06-07;17:51:10;816000030-4;v_chesnokov;KMS;Windows 7;x86;logoff 
2017-06-07;17:52:42;825F69362-4;A_Zaglada;KMS;Windows 7;x64;logoff 
2017-06-07;17:53:13;825000003-4;E_Romashina;KMS;Windows 7;x86;logoff 
2017-06-07;17:53:18;802F82254-4;v_katovalova;KMS;Windows 7;x64;logoff 
2017-06-07;17:55:42;805500011-4;D_Orlov;KMS;Windows 7;x86;logoff 
2017-06-07;17:56:10;822000852G-4;G_kozmina;KMS;Windows XP;x64;logoff 
2017-06-07;17:56:16;8024106JB-4;O_Savchenko;KMS;Windows 7;x64;logoff 
2017-06-07;17:56:33;804F86495-4;I_Chadov;KMS;Windows 7;x64;logoff 
2017-06-07;17:57:22;829000039-4;a_biryukov;KMS;Windows 7;x64;logoff 
2017-06-07;17:57:23;841500179-4;a_makarov;KMS;Windows 7;x64;logoff 
2017-06-07;17:57:25;825800256-4;a_biryukov;KMS;Windows 7;x86;logoff 
2017-06-07;17:57:44;168F86493-4;A_Maslennikov;KMS;Windows 7;x64;logoff 
2017-06-07;17:57:47;168F86493-4;E_Bukhankov;KMS;Windows 7;x64;logoff 
2017-06-07;17:58:10;802002599-4;N_Kammerer;KMS;Windows 7;x64;logoff 
2017-06-07;17:58:15;802002663-4;K_Trik;KMS;Windows 7;x64;logoff 
2017-06-07;17:58:21;802024126-4;n_scherbinina;KMS;Windows 7;x64;logoff 
2017-06-07;17:58:24;839700384-4;V_Zolototrubov;KMS;Windows XP;x86;logoff 
2017-06-07;17:58:41;839F66990-4;D_Kornev;KMS;Windows 7;x86;logoff 
2017-06-07;17:58:58;811000079-4;a_ustinov;KMS;Windows 7;x64;logoff 
2017-06-07;17:59:23;850F80010-4;S_Rudenko;KMS;Windows XP;x86;logoff 
2017-06-07;17:59:46;824000952-4;R_Andreev;KMS;Windows XP;x86;logoff 
2017-06-07;18:00:01;802C80335-4;a_pyanikov;KMS;Windows 7;x64;logoff 
2017-06-07;18:00:27;830F74067-4;n_chesnokova;KMS;Windows 7;x86;logoff 
2017-06-07;18:00:59;802002539-4;A_Smolyanko;KMS;Windows 7;x64;logoff 
2017-06-07;18:01:38;168F86481-4;E_Bukhankov;KMS;Windows 7;x64;logoff 
2017-06-07;18:05:02;802021602-4;v_samoilov;KMS;Windows XP;x64;logoff 
2017-06-07;18:05:46;841C80463-4;n_deptsova;KMS;Windows 7;x64;logoff 
2017-06-07;18:06:05;802700003-4;m_rakov;KMS;Windows 7;x64;logoff 
2017-06-07;18:06:06;802700003-4;o_manuilov;KMS;Windows 7;x64;logoff 
2017-06-07;18:06:06;802700003-4;N_Sorgol;KMS;Windows 7;x64;logoff 
2017-06-07;18:06:09;827000025-4;Y_Kazachenok;KMS;Windows 7;x86;logoff 
2017-06-07;18:08:53;825F80382-4;e_tarasenko;KMS;Windows 7;x64;logoff 
2017-06-07;18:09:18;838300216-4;a_matveeva;KMS;Windows 7;x86;logon 
2017-06-07;19:09:38;802000042-4;a_dolgov;KMS;Windows XP;x86;logoff 
2017-06-07;18:11:41;802002611-4;i_trubikhina;KMS;Windows 7;x64;logoff 
2017-06-07;18:12:45;802317902-4;d_ivanov;KMS;Windows 7;x64;logon 
2017-06-07;18:13:31;811F87556-4;i_dymyanenko;KMS;Windows 7;x64;logoff 
2017-06-07;18:14:08;802C00290-4;o_likova;KMS;Windows 7;x64;logoff 
2017-06-07;18:15:54;817002738-4;r_ekimov;KMS;Windows 7;x64;logoff 
2017-06-07;18:16:54;802002733-4;O_Rumyantseva;KMS;Windows 7;x64;logoff 
2017-06-07;18:19:31;873002742-4;vv_dolgopolov;KMS;Windows 7;x64;logoff 
2017-06-07;18:22:06;803C80461-4;V_Komarova;KMS;Windows 7;x64;logoff 
2017-06-07;18:22:17;82502685-4;a_zhidkova;KMS;Windows 7;x64;logoff 
2017-06-07;18:22:21;817300016-4;n_garin;KMS;Windows 7;x64;logoff 
2017-06-07;18:24:29;802317902-4;d_ivanov;KMS;Windows 7;x64;logoff 
2017-06-07;18:24:36;802001405-4;y_belyavskaya;KMS;Windows 7;x64;logoff 
2017-06-07;18:24:50;864000504-4;a_nadeev;KMS;Windows 7;x64;logoff 
2017-06-07;18:25:04;802002605-4;o_bloshitsina;KMS;Windows 7;x64;logoff 
2017-06-07;18:25:36;803025802-4;v_maz;KMS;Windows 7;x64;logoff 
2017-06-07;18:26:44;802002600-4;N_Ivanova;KMS;Windows 7;x86;logoff 
2017-06-07;18:27:02;802A00016-4;O_Vikhlyaeva;KMS;Windows XP;x86;logoff 
2017-06-07;18:27:05;841807180-4;a_lonskiy;KMS;Windows 7;x86;logoff 
2017-06-07;18:28:47;803001406-4;s_mitin;KMS;Windows 7;x64;logoff 
2017-06-07;18:29:51;826C81056-4;T_Kasyanova;KMS;Windows 7;x64;logoff 
2017-06-07;18:34:38;854001147-4;u_boganova;KMS;Windows XP;x86;logoff 
2017-06-07;18:37:55;802F86472-4;A_Shevelev;KMS;Windows 7;x64;logon 
2017-06-07;18:39:35;803F70035-4;m_mazur;KMS;Windows 7;x64;logoff 
2017-06-07;18:40:08;803803803-4;vn_sidorenko;KMS;Windows 7;x64;logoff 
2017-06-07;18:41:26;SCMO-APP-KMS;k_Zeybel;KMS;Windows 7;x64;logon 
2017-06-07;18:42:27;802300026-4;M_Artazey;KMS;Windows 7;x64;logoff 
2017-06-07;18:42:31;802200045-4;R_Krinochkin;KMS;Windows 7;x64;logoff 
2017-06-07;18:42:56;802200046-4;N_Russkikh;KMS;Windows 7;x64;logoff 
2017-06-07;18:46:40;0474902PK-4;V_Savich;KMS;Windows 7;x64;logoff 
2017-06-07;18:47:46;802F78423-4;G_Scherbinina;KMS;Windows 7;x64;logoff 
2017-06-07;18:47:57;854001148-4;v_savicheva;KMS;Windows XP;x86;logoff 
2017-06-07;18:49:07;807F69342-4;v_loseva;KMS;Windows 7;x64;logoff 
2017-06-07;18:49:51;8024106JC-4;K_Parkhimovich;KMS;Windows 7;x64;logoff 
2017-06-07;18:50:01;047C80337-4;r_goncharov;KMS;Windows 7;x64;logoff 
2017-06-07;18:50:17;811F85740-4;n_vasilieva;KMS;Windows 7;x64;logoff 
2017-06-07;18:51:16;811840066-4;a_drozdova;KMS;Windows 7;x64;logoff 
2017-06-07;18:51:22;802000082-4;a_pyankov;KMS;Windows 7;x86;logoff 
2017-06-07;18:51:28;807C80456-4;n_golovkova;KMS;Windows 7;x64;logoff 
2017-06-07;18:51:55;829F82470-4;K_satsouk;KMS;Windows 7;x64;logoff 
2017-06-07;18:52:22;802000043-4;an_efremov;KMS;Windows XP;x86;logoff 
2017-06-07;18:52:40;811F85743-4;E_Shaymardanova;KMS;Windows 7;x64;logoff 
2017-06-07;18:52:53;803F86423-4;n_malahaev;KMS;Windows 7;x64;logoff 
2017-06-07;18:52:58;802F66739-4;m_murzin;KMS;Windows 7;x64;logoff 
2017-06-07;18:53:09;81100228-4;e_voronina;KMS;Windows 7;x86;logoff 
2017-06-07;18:53:11;810500094G-4;a_nogovicin;KMS;Windows 7;x64;logoff 
2017-06-07;18:53:21;860F78450-4;v_kostenko;KMS;Windows 7;x86;logoff 
2017-06-07;18:53:34;802020703-4;E_Slakva;KMS;Windows 7;x64;logoff 
2017-06-07;18:53:39;811276003-4;e_aliev;KMS;Windows XP;x64;logoff 
2017-06-07;18:54:13;804002736-4;d_frolov;KMS;Windows 7;x64;logoff 
2017-06-07;18:54:20;803141405-4;p_kashirskiy;KMS;Windows 7;x64;logoff 
2017-06-07;18:54:56;810C80460-4;V_Salimov;KMS;Windows 7;x86;logoff 
2017-06-07;18:55:11;825F86476-4;S_Tasenko;KMS;Windows 7;x64;logoff 
2017-06-07;18:55:18;802600710-4;G_Serikova;KMS;Windows 7;x64;logoff 
2017-06-07;18:55:36;841000008-4;V_spitcin;KMS;Windows 7;x86;logoff 
2017-06-07;18:56:25;838F74058-4;I_Malokanova;KMS;Windows 7;x64;logoff 
2017-06-07;18:56:29;802002600-4;N_Ivanova;KMS;Windows 7;x86;logoff 
2017-06-07;18:56:50;802002592-4;D_gubarenko;KMS;Windows 7;x64;logoff 
2017-06-07;18:57:19;825000070-4;o_doulepina;KMS;Windows XP;x86;logoff 
2017-06-07;18:58:39;854F81787-4;y_zolotceva;KMS;Windows 7;x64;logoff 
2017-06-07;18:58:40;838300088-4;n_belkin;KMS;Windows 7;x86;logoff 
2017-06-07;18:59:51;801F66951-4;E_Lebedeva;KMS;Windows 7;x64;logoff 
2017-06-07;19:00:05;838300059-4;s_bichkov;KMS;Windows 7;x64;logoff 
2017-06-07;19:00:06;829002744-4;i_sannikova;KMS;Windows 7;x64;logoff 
2017-06-07;19:00:07;802F74037-4;O_Dmitriyenko;KMS;Windows 7;x64;logoff 
2017-06-07;19:00:39;805000511-4;N_Sayapina;KMS;Windows 7;x86;logoff 
2017-06-07;19:01:00;838F81794-4;g_zhidkov;KMS;Windows 7;x64;logoff 
2017-06-07;19:01:03;825F69347-4;s_kruchak;KMS;Windows 7;x64;logoff 
2017-06-07;19:02:45;807645003-4;v_arzhakova;KMS;Windows 7;x64;logoff 
2017-06-07;19:03:37;802F82259-4;m_yushko;KMS;Windows 7;x64;logoff 
2017-06-07;19:03:41;802F70042-4;e_adaikin;KMS;Windows 7;x64;logoff 
2017-06-07;19:03:48;807F8147-4;O_Komkova;KMS;Windows 7;x64;logoff 
2017-06-07;19:04:09;843600035-4;A_Fedorova;KMS;Windows 7;x64;logoff 
2017-06-07;19:05:06;802002283-4;a_bulygin;KMS;Windows 7;x64;logoff 
2017-06-07;19:05:33;802002666-4;i_manilenko;KMS;Windows 7;x64;logoff 
2017-06-07;19:05:47;802700070-4;G_Milyy;KMS;Windows 7;x64;logoff 
2017-06-07;19:06:02;802100538-4;A_Shaforostov;KMS;Windows 7;x64;logoff 
2017-06-07;19:10:33;841F83801-4;A_Smerdina;KMS;Windows XP;x86;logoff 
2017-06-07;19:11:23;803F4508-4;a_cherdyncev;KMS;Windows 7;x86;logoff 
2017-06-07;19:14:03;841F69359-4;V_Bahtinov;KMS;Windows XP;x86;logoff 
2017-06-07;19:14:04;802000012-4;I_Devjatkin;KMS;Windows 7;x64;logoff 
2017-06-07;19:15:59;802F83804-4;k_starenky;KMS;Windows 7;x64;logon 
2017-06-07;19:17:51;841F70032-4;a_gnatik;KMS;Windows 7;x64;logoff 
2017-06-07;19:18:11;802F66732-4;a_krym;KMS;Windows 7;x64;logoff 
2017-06-07;19:18:38;807001940-4;M_Gavrish;KMS;Windows 7;x64;logoff 
2017-06-07;12:24:33;MSK-ERP-TS;E_Glavatskih;KMS;Windows Server 2012;x64;logoff 
2017-06-07;19:26:43;801310601-4;g_zhidkov;KMS;Windows 7;x64;logoff 
2017-06-07;19:28:00;802F63849-4;Y_Sedykh;KMS;Windows 7;x86;logoff 
2017-06-07;19:29:57;801SONYVAVIO-4;d_bloschinskiy;KMS;Windows 7;x64;logoff 
2017-06-07;19:36:18;840000060-4;P_Melnik;KMS;Windows 7;x86;logoff 
2017-06-07;20:36:58;811F84698-4;P_Starih;KMS;Windows XP;x64;logoff 
2017-06-07;19:37:17;802318109-4;K_Naydenov;KMS;Windows 7;x64;logoff 
2017-06-07;19:38:04;850001410-4;I_berezin;KMS;Windows 7;x86;logoff 
2017-06-07;19:39:16;802F78428-4;e_tergusheva;KMS;Windows 7;x64;logoff 
2017-06-07;19:41:06;802001038-4;s_samobrod;KMS;Windows 7;x64;logoff 
2017-06-07;19:46:30;827000026-4;O_Devyatkina;KMS;Windows XP;x86;logoff 
2017-06-07;19:47:05;807350904-4;v_tsys;KMS;Windows 7;x86;logoff 
2017-06-07;19:47:18;807350904-4;r_zhukov;KMS;Windows 7;x86;logoff 
2017-06-07;19:47:27;807350904-4;Ya_Lapin;KMS;Windows 7;x86;logoff 
2017-06-07;19:49:50;802002592-4;A_Shevelev;KMS;Windows 7;x64;logon 
2017-06-07;20:10:15;836000046-4;Y_Loukyanova;KMS;Windows XP;x86;logoff 
2017-06-07;20:12:05;836000046-4;N_Kriventsova;KMS;Windows XP;x86;logon 
2017-06-07;20:21:14;802F81329-4;a_smishko;KMS;Windows 7;x64;logoff 
2017-06-07;20:27:16;825C80287-4;o_muzheva;KMS;Windows 7;x86;logoff 
2017-06-07;20:29:42;802C80462-4;r_kotelnikov;KMS;Windows 7;x64;logoff 
2017-06-07;20:30:26;802318110-4;A_Yakubov;KMS;Windows 7;x64;logoff 
2017-06-07;20:30:28;802318110-4;A_Shaforostov;KMS;Windows 7;x64;logoff 
2017-06-07;20:38:47;803C80448-4;a_lomovceva;KMS;Windows 7;x64;logoff 
2017-06-07;20:39:32;838F57506-4;p_serdyuk;KMS;Windows 7;x64;logoff 
2017-06-07;20:45:15;804C80459-4;a_kosicina;KMS;Windows XP;x86;logoff 
2017-06-07;20:48:10;803962584-4;Y_Loukyanova;KMS;Windows 7;x64;logoff 
2017-06-07;20:48:21;803962584-4;o_narilnaja;KMS;Windows 7;x64;logoff 
2017-06-07;20:54:32;836000031-4;I_Aksyonova;KMS;Windows 7;x86;logoff 
2017-06-07;20:55:52;843F69351-4;e_kosheleva;KMS;Windows 7;x86;logoff 
2017-06-07;20:58:32;843F53629-4;D_Gubchenko;KMS;Windows 7;x86;logoff 
2017-06-07;20:59:32;841200056-4;I_Gorbachev;KMS;Windows 7;x64;logon 
2017-06-07;21:02:04;802F84697-4;N_Sachnev;KMS;Windows XP;x64;logoff 
2017-06-07;21:02:09;804F66978-4;s_bylkov;KMS;Windows 7;x86;logoff 
2017-06-07;21:02:14;804F66978-4;E_Sukhorukov;KMS;Windows 7;x86;logoff 
2017-06-07;21:03:28;802F74879-4;S_Kolotuhin;KMS;Windows 7;x86;logoff 
2017-06-07;21:03:30;869002419-4;a_ovchinnikov;KMS;Windows 7;x64;logoff 
2017-06-07;21:07:03;804F66978-4;s_bylkov;KMS;Windows 7;x86;logon 
2017-06-07;21:13:53;802009495-4;Y_Goman;KMS;Windows 7;x64;logon 
2017-06-07;21:19:59;802275905-4;s_dourinov;KMS;Windows 7;x64;logoff 
2017-06-07;21:20:07;802275905-4;A_shuvaev;KMS;Windows 7;x64;logoff 
2017-06-07;21:51:23;838300216-4;N_Kriventsova;KMS;Windows 7;x86;logon 
2017-06-07;22:02:03;826C80279-4;aa_smirnov;KMS;Windows XP;x86;logoff 
2017-06-07;22:02:00;802009495-4;Y_Goman;KMS;Windows 7;x64;logoff 
2017-06-07;22:01:59;802275905-4;s_dourinov;KMS;Windows 7;x64;logoff 
2017-06-07;22:02:00;830000059-4;uchenik;KMS;Windows 7;x64;logoff 
2017-06-07;22:02:00;802F86472-4;A_Shevelev;KMS;Windows 7;x64;logoff 
2017-06-07;22:02:01;802002690-4;AS_Petrenko;KMS;Windows 7;x64;logoff 
2017-06-07;22:02:01;802F86417-4;d_staver;KMS;Windows 7;x64;logoff 
2017-06-07;22:02:01;850F86474-4;p_taskaev;KMS;Windows 7;x64;logoff 
2017-06-07;22:02:01;829F84733-4;k_ohrimenko;KMS;Windows 7;x64;logoff 
2017-06-07;22:02:01;803001857-4;a_grigorev;KMS;Windows 7;x64;logoff 
2017-06-07;22:02:01;014002572-4;E_Savdiyarov;KMS;Windows 7;x64;logoff 
2017-06-07;23:02:01;839001180-4;s_barkunov;KMS;Windows XP;x86;logoff 
2017-06-07;22:02:01;829002728-4;Ya_Lapin;KMS;Windows 7;x64;logoff 
2017-06-07;22:02:01;829F86492-4;D_Kovshenin;KMS;Windows 7;x64;logoff 
2017-06-07;22:02:02;825F83085-4;Y_Loukyanova;KMS;Windows 7;x64;logoff 
2017-06-07;22:02:02;810023049-4;A_Kilfin;KMS;Windows 7;x64;logoff 
2017-06-07;22:02:02;803F83089-4;I_puncul;KMS;Windows 7;x64;logoff 
2017-06-07;22:02:02;802000824-4;v_scherbakov;KMS;Windows 7;x64;logoff 
2017-06-07;22:02:02;841200056-4;I_Gorbachev;KMS;Windows 7;x64;logoff 
2017-06-07;22:02:02;807F69348-4;A_Troegubova;KMS;Windows 7;x64;logoff 
2017-06-07;22:02:02;803002684-4;a_vihlyaev;KMS;Windows 7;x64;logoff 
2017-06-07;15:02:02;810317901-4;I_Dubkova;KMS;Windows 7;x64;logoff 
2017-06-07;22:02:03;804F86491-4;a_artemev;KMS;Windows 7;x64;logoff 
2017-06-07;22:02:03;802F83804-4;k_starenky;KMS;Windows 7;x64;logoff 
2017-06-07;22:02:03;802F83804-4;Yu_Gilmanova;KMS;Windows 7;x64;logoff 
2017-06-07;22:02:03;802200049-4;ai_moiseenko;KMS;Windows 7;x64;logoff 
2017-06-07;22:02:05;838300216-4;a_matveeva;KMS;Windows 7;x86;logoff 
2017-06-07;22:02:05;802F63822-4;Y_Vereshchenko;KMS;Windows 7;x64;logoff 
2017-06-07;23:02:05;813F82328;o_korolkov;KMS;Windows XP;x86;logoff 
2017-06-07;22:02:05;803281701-4;n_kolchenko;KMS;Windows 7;x64;logoff 
2017-06-07;22:02:05;802C80473-4;A_Avksentev;KMS;Windows 7;x86;logoff 
2017-06-07;22:02:06;807C80453-4;v_geiker;KMS;Windows 7;x64;logoff 
2017-06-07;22:02:06;802000003-4;K_Orlov;KMS;Windows 7;x64;logoff 
2017-06-07;22:02:07;830000052-4;A_Khokhlov;KMS;Windows XP;x64;logoff 
2017-06-07;22:02:07;802300288-4;Y_Goman;KMS;Windows 7;x64;logoff 
2017-06-07;22:02:07;802F81416-4;a_vorontcob;KMS;Windows 7;x64;logoff 
2017-06-07;22:02:07;836000046-4;N_Kriventsova;KMS;Windows XP;x86;logoff 
2017-06-07;22:02:08;825F83085-4;e_pogodaeva;KMS;Windows 7;x64;logoff 
2017-06-07;22:02:08;829002730-4;d_chervyakov;KMS;Windows 7;x64;logoff 
2017-06-07;22:02:08;813000079-4;N_lysenok;KMS;Windows 7;x64;logoff 
2017-06-07;22:02:08;802F83079-4;e_popov;KMS;Windows 7;x86;logoff 
2017-06-07;22:02:08;8034106JJ-4;N_Podoba;KMS;Windows 7;x64;logoff 
2017-06-07;22:02:09;810F57673-4;A_berlikova;KMS;Windows 7;x64;logoff 
2017-06-07;22:02:09;838300216-4;o_narilnaja;KMS;Windows 7;x86;logoff 
2017-06-07;22:02:10;838300216-4;N_Kriventsova;KMS;Windows 7;x86;logoff 
2017-06-07;22:02:13;838300216-4;k_mineeva;KMS;Windows 7;x86;logoff 
2017-06-07;22:02:13;803001403-4;m_rakov;KMS;Windows 7;x64;logoff 
2017-06-07;22:02:14;838300216-4;Y_Loukyanova;KMS;Windows 7;x86;logoff 
2017-06-07;22:02:15;803021601-4;a_pechkorin;KMS;Windows 7;x64;logoff 
2017-06-07;22:02:16;829000022-4;I_Semenov;KMS;Windows XP;x86;logoff 
2017-06-07;22:02:16;810F82252-4;s_melanich;KMS;Windows 7;x64;logoff 
2017-06-07;22:02:16;047000078-4;E_Tereshchenkova;KMS;Windows 7;x64;logoff 
2017-06-07;22:02:17;04700077-4;S_Belousova;KMS;Windows 7;x64;logoff 
2017-06-07;22:02:18;802F82595-4;a_lipina;KMS;Windows XP;x64;logoff 
2017-06-07;22:02:23;803C80344-4;E_kurzin;KMS;Windows 7;x64;logoff 
2017-06-07;22:02:18;806C81145-4;M_Kamenev;KMS;Windows XP;x64;logoff 
2017-06-07;22:02:19;802317911-4;M_Marunich;KMS;Windows 7;x64;logoff 
2017-06-07;22:02:02;84310073-4;d_ermakov;KMS;Windows 7;x86;logoff 
2017-06-07;22:02:21;803700359-4;A_Makarova;KMS;Windows 7;x64;logoff 
2017-06-07;22:02:24;803F83087-4;S_Kornev;KMS;Windows 7;x64;logoff 
2017-06-07;22:02:27;802300288-4;d_ozhereliev;KMS;Windows 7;x64;logoff 
2017-06-07;22:02:27;804F69358-4;t_melchenko;KMS;Windows 7;x64;logoff 
2017-06-07;22:02:37;872F64509-4;v_voronina;KMS;Windows 7;x86;logoff 
2017-06-07;22:02:38;872F64509-4;o_narilnaja;KMS;Windows 7;x86;logoff 
2017-06-07;22:02:38;872F64509-4;v_semenushkina;KMS;Windows 7;x86;logoff 
2017-06-07;22:02:40;810318105-4;a_melkozerov;KMS;Windows 7;x64;logoff 
2017-06-07;22:02:57;872F64509-4;n_gerashchenko;KMS;Windows 7;x86;logoff 
2017-06-07;22:02:57;872F64509-4;Y_Loukyanova;KMS;Windows 7;x86;logoff 
2017-06-07;22:07:53;802000824-4;v_scherbakov;KMS;Windows 7;x64;logon 
2017-06-07;22:10:13;802009495-4;Y_Goman;KMS;Windows 7;x64;logon 
2017-06-07;22:10:35;841200056-4;I_Gorbachev;KMS;Windows 7;x64;logon 
2017-06-07;22:14:44;802000824-4;v_scherbakov;KMS;Windows 7;x64;logoff 
2017-06-07;22:34:39;802000003-4;K_Orlov;KMS;Windows 7;x64;logon 
2017-06-07;22:52:41;838300216-4;a_matveeva;KMS;Windows 7;x86;logon 
2017-06-07;23:01:35;802009495-4;Y_Goman;KMS;Windows 7;x64;logoff 
2017-06-07;23:03:34;802700003-4;M_Rakov;KMS;Windows 7;x64;logon 
2017-06-07;23:02:13;802F83084-4;M_Peretolchina;KMS;Windows XP;x86;logoff 
2017-06-07;23:10:36;802002592-4;A_Shevelev;KMS;Windows 7;x64;logon 
2017-06-07;23:17:19;802000003-4;K_Orlov;KMS;Windows 7;x64;logoff 
2017-06-07;23:20:45;802002592-4;A_Shevelev;KMS;Windows 7;x64;logoff 
2017-06-07;23:29:30;802275905-4;s_dourinov;KMS;Windows 7;x64;logoff 
2017-06-07;23:33:58;RAPORT-1;g-konyafiev;KMS;Windows 7;x64;logon 
2017-06-07;23:43:12;RAPORT-1;g-konyafiev;KMS;Windows 7;x64;logoff 
2017-06-07;23:47:50;802594704-4;O_Sagitdinov;KMS;Windows 7;x86;logoff 
2017-06-07;23:58:09;838300216-4;a_matveeva;KMS;Windows 7;x86;logoff 
2017-06-07;16:59:23;AWS166-5;G_Kochkar;KMS;Windows XP;x86;logon 
2017-06-07;17:20:13;AWS166-5;G_Kochkar;KMS;Windows XP;x86;logoff 
2017-06-07;18:08:51;WS044-3;N_Pasechnik;KMS;Windows 7;x86;logoff 
